<?xml version="1.0" encoding="UTF-8"?>
<Site BuildName="Linux-c++"
	BuildStamp="20260204-0905-Experimental"
	Name="zkjr-xq"
	Generator="ctest-3.22.1"
	CompilerName="/usr/bin/c++"
	CompilerVersion="11.4.0"
	OSName="Linux"
	Hostname="zkjr-xq"
	OSRelease="6.6.87.2-microsoft-standard-WSL2"
	OSVersion="#1 SMP PREEMPT_DYNAMIC Thu Jun  5 18:30:46 UTC 2025"
	OSPlatform="x86_64"
	Is64Bits="1"
	VendorString="GenuineIntel"
	VendorID="Intel Corporation"
	FamilyID="6"
	ModelID="154"
	ProcessorCacheSize="18432"
	NumberOfLogicalCPU="16"
	NumberOfPhysicalCPU="8"
	TotalVirtualMemory="8192"
	TotalPhysicalMemory="31940"
	LogicalProcessorsPerPhysical="2"
	ProcessorClockFrequency="3110.4"
	>
	<Testing>
		<StartDateTime>Feb 04 17:05 CST</StartDateTime>
		<StartTestTime>1770195955</StartTestTime>
		<TestList/>
		<EndDateTime>Feb 04 17:05 CST</EndDateTime>
		<EndTestTime>1770195955</EndTestTime>
		<ElapsedMinutes>0</ElapsedMinutes>
	</Testing>
</Site>
